{
  "RSpec": {
    "coverage": {
      "/Users/phault/Documents/Makers/Rails/react-rails/translator_server/spec/controllers/terms_controller_spec.rb": [
        1,
        null,
        1,
        1,
        1,
        1,
        1,
        null,
        null,
        null
      ],
      "/Users/phault/Documents/Makers/Rails/react-rails/translator_server/spec/rails_helper.rb": [
        null,
        1,
        1,
        null,
        1,
        null,
        null,
        1,
        1,
        null,
        null,
        null,
        null,
        null,
        null,
        null,
        null,
        null,
        null,
        null,
        null,
        null,
        null,
        null,
        null,
        null,
        null,
        null,
        null,
        1,
        null,
        0,
        0,
        null,
        1,
        null,
        1,
        null,
        null,
        null,
        null,
        1,
        null,
        null,
        null,
        null,
        null,
        null,
        null,
        null,
        null,
        null,
        null,
        null,
        null,
        null,
        1,
        null,
        null,
        1,
        null,
        null,
        null
      ],
      "/Users/phault/Documents/Makers/Rails/react-rails/translator_server/config/environment.rb": [
        null,
        1,
        null,
        null,
        1
      ],
      "/Users/phault/Documents/Makers/Rails/react-rails/translator_server/config/application.rb": [
        1,
        null,
        1,
        null,
        1,
        1,
        1,
        1,
        1,
        1,
        1,
        1,
        1,
        1,
        1,
        null,
        null,
        null,
        null,
        1,
        null,
        1,
        1,
        null,
        1,
        null,
        null,
        null,
        null,
        null,
        null,
        null,
        1,
        null,
        null
      ],
      "/Users/phault/Documents/Makers/Rails/react-rails/translator_server/config/boot.rb": [
        1,
        null,
        1,
        1
      ],
      "/Users/phault/Documents/Makers/Rails/react-rails/translator_server/config/environments/test.rb": [
        null,
        null,
        null,
        null,
        null,
        1,
        null,
        null,
        1,
        null,
        null,
        null,
        null,
        1,
        null,
        null,
        1,
        1,
        null,
        null,
        null,
        null,
        1,
        1,
        1,
        null,
        null,
        1,
        null,
        null,
        1,
        null,
        null,
        1,
        null,
        1,
        null,
        null,
        null,
        null,
        1,
        null,
        null,
        1,
        null,
        null,
        null,
        null
      ],
      "/Users/phault/Documents/Makers/Rails/react-rails/translator_server/config/initializers/application_controller_renderer.rb": [
        null,
        null,
        null,
        null,
        null,
        null,
        null,
        null
      ],
      "/Users/phault/Documents/Makers/Rails/react-rails/translator_server/config/initializers/assets.rb": [
        null,
        null,
        null,
        1,
        null,
        null,
        null,
        null,
        1,
        null,
        null,
        null,
        null,
        null
      ],
      "/Users/phault/Documents/Makers/Rails/react-rails/translator_server/config/initializers/backtrace_silencers.rb": [
        null,
        null,
        null,
        null,
        null,
        null,
        null
      ],
      "/Users/phault/Documents/Makers/Rails/react-rails/translator_server/config/initializers/content_security_policy.rb": [
        null,
        null,
        null,
        null,
        null,
        null,
        null,
        null,
        null,
        null,
        null,
        null,
        null,
        null,
        null,
        null,
        null,
        null,
        null,
        null,
        null,
        null,
        null,
        null,
        null,
        null,
        null,
        null,
        null,
        null
      ],
      "/Users/phault/Documents/Makers/Rails/react-rails/translator_server/config/initializers/cookies_serializer.rb": [
        null,
        null,
        null,
        null,
        1
      ],
      "/Users/phault/Documents/Makers/Rails/react-rails/translator_server/config/initializers/filter_parameter_logging.rb": [
        null,
        null,
        null,
        1
      ],
      "/Users/phault/Documents/Makers/Rails/react-rails/translator_server/config/initializers/inflections.rb": [
        null,
        null,
        null,
        null,
        null,
        null,
        null,
        null,
        null,
        null,
        null,
        null,
        null,
        null,
        null,
        null
      ],
      "/Users/phault/Documents/Makers/Rails/react-rails/translator_server/config/initializers/mime_types.rb": [
        null,
        null,
        null,
        null
      ],
      "/Users/phault/Documents/Makers/Rails/react-rails/translator_server/config/initializers/wrap_parameters.rb": [
        null,
        null,
        null,
        null,
        null,
        null,
        1,
        2,
        null,
        null,
        null,
        null,
        null,
        null
      ],
      "/Users/phault/Documents/Makers/Rails/react-rails/translator_server/spec/factories/terms.rb": [
        1,
        1,
        41,
        41,
        null,
        null
      ],
      "/Users/phault/Documents/Makers/Rails/react-rails/translator_server/app/models/term.rb": [
        1,
        1,
        null,
        1,
        null,
        1,
        6,
        6,
        6,
        6,
        null,
        null,
        null
      ],
      "/Users/phault/Documents/Makers/Rails/react-rails/translator_server/app/models/application_record.rb": [
        1,
        1,
        null
      ],
      "/Users/phault/Documents/Makers/Rails/react-rails/translator_server/config/routes.rb": [
        1,
        1,
        1,
        null
      ],
      "/Users/phault/Documents/Makers/Rails/react-rails/translator_server/app/helpers/application_helper.rb": [
        1,
        null
      ],
      "/Users/phault/Documents/Makers/Rails/react-rails/translator_server/app/helpers/terms_helper.rb": [
        1,
        null
      ],
      "/Users/phault/Documents/Makers/Rails/react-rails/translator_server/app/controllers/terms_controller.rb": [
        1,
        null,
        1,
        1,
        3,
        3,
        null,
        null,
        1,
        5,
        5,
        null,
        5,
        5,
        null,
        0,
        null,
        null,
        null,
        1,
        null,
        1,
        5,
        null,
        null
      ],
      "/Users/phault/Documents/Makers/Rails/react-rails/translator_server/app/controllers/application_controller.rb": [
        1,
        null
      ],
      "/Users/phault/Documents/Makers/Rails/react-rails/translator_server/spec/helpers/terms_helper_spec.rb": [
        1,
        null,
        null,
        null,
        null,
        null,
        null,
        null,
        null,
        null,
        null,
        null,
        1,
        null,
        null
      ],
      "/Users/phault/Documents/Makers/Rails/react-rails/translator_server/spec/models/term_spec.rb": [
        1,
        null,
        1,
        1,
        1,
        1,
        1,
        null,
        null,
        null
      ],
      "/Users/phault/Documents/Makers/Rails/react-rails/translator_server/spec/requests/get_terms_spec.rb": [
        1,
        null,
        1,
        3,
        3,
        null,
        1,
        1,
        null,
        null,
        1,
        1,
        null,
        null
      ],
      "/Users/phault/Documents/Makers/Rails/react-rails/translator_server/spec/requests/post_term_spec.rb": [
        1,
        null,
        1,
        1,
        1,
        5,
        null,
        null,
        1,
        1,
        null,
        null,
        1,
        1,
        null,
        null,
        1,
        1,
        null,
        null,
        1,
        1,
        null,
        null,
        1,
        1,
        null,
        null,
        null
      ]
    },
    "timestamp": 1567162823
  }
}
